<?xml version="1.0" encoding="UTF-8"?>
<!-- Generated by org.testng.reporters.JUnitReportReporter -->
<testsuite hostname="DESKTOP-1U98EA5" failures="0" tests="1" name="testCases.ReportPageTest" time="28.246" errors="0" timestamp="25 Sep 2022 18:17:04 GMT" skipped="0">
  <testcase classname="testCases.ReportPageTest" name="viewTimeTrackDetails" time="28.246"/>
</testsuite> <!-- testCases.ReportPageTest -->
