<?xml version="1.0" encoding="UTF-8"?>
<!-- Generated by org.testng.reporters.JUnitReportReporter -->
<testsuite hostname="DESKTOP-1U98EA5" failures="0" tests="1" name="testCases.UserPageTest" time="24.706" errors="0" timestamp="25 Sep 2022 18:17:04 GMT" skipped="0">
  <testcase classname="testCases.UserPageTest" name="viewTimeTrackDetails" time="24.706"/>
</testsuite> <!-- testCases.UserPageTest -->
